<?xml version="1.0" encoding="UTF-8"?>
<coverage generated="1701023978047" clover="3.2.0">
  <project timestamp="1701023978047" name="All files">
    <metrics statements="32" coveredstatements="32" conditionals="19" coveredconditionals="19" methods="16" coveredmethods="16" elements="67" coveredelements="67" complexity="0" loc="32" ncloc="32" packages="2" files="3" classes="3"/>
    <package name="dist.functions">
      <metrics statements="18" coveredstatements="18" conditionals="10" coveredconditionals="10" methods="8" coveredmethods="8"/>
      <file name="bingoFunctions.js" path="/home/eccirc/Programming/Node/bingoNode/dist/functions/bingoFunctions.js">
        <metrics statements="18" coveredstatements="18" conditionals="10" coveredconditionals="10" methods="8" coveredmethods="8"/>
        <line num="2" count="1" type="stmt"/>
        <line num="3" count="1" type="stmt"/>
        <line num="4" count="1" type="stmt"/>
        <line num="5" count="9" type="stmt"/>
        <line num="6" count="46" type="stmt"/>
        <line num="8" count="1" type="stmt"/>
        <line num="9" count="1" type="stmt"/>
        <line num="10" count="8" type="stmt"/>
        <line num="11" count="25" type="cond" truecount="2" falsecount="0"/>
        <line num="12" count="8" type="cond" truecount="2" falsecount="0"/>
        <line num="14" count="1" type="stmt"/>
        <line num="15" count="1" type="stmt"/>
        <line num="16" count="4" type="stmt"/>
        <line num="17" count="4" type="cond" truecount="4" falsecount="0"/>
        <line num="18" count="2" type="stmt"/>
        <line num="20" count="50" type="stmt"/>
        <line num="21" count="2" type="cond" truecount="2" falsecount="0"/>
        <line num="23" count="1" type="stmt"/>
      </file>
    </package>
    <package name="src.functions">
      <metrics statements="14" coveredstatements="14" conditionals="9" coveredconditionals="9" methods="8" coveredmethods="8"/>
      <file name="bingoFunctions.ts" path="/home/eccirc/Programming/Node/bingoNode/src/functions/bingoFunctions.ts">
        <metrics statements="7" coveredstatements="7" conditionals="4" coveredconditionals="4" methods="5" coveredmethods="5"/>
        <line num="3" count="1" type="stmt"/>
        <line num="4" count="9" type="stmt"/>
        <line num="5" count="45" type="stmt"/>
        <line num="7" count="1" type="stmt"/>
        <line num="8" count="9" type="stmt"/>
        <line num="9" count="30" type="cond" truecount="2" falsecount="0"/>
        <line num="10" count="9" type="cond" truecount="2" falsecount="0"/>
      </file>
      <file name="isCardBingo.ts" path="/home/eccirc/Programming/Node/bingoNode/src/functions/isCardBingo.ts">
        <metrics statements="7" coveredstatements="7" conditionals="5" coveredconditionals="5" methods="3" coveredmethods="3"/>
        <line num="2" count="1" type="stmt"/>
        <line num="4" count="1" type="stmt"/>
        <line num="5" count="5" type="stmt"/>
        <line num="6" count="5" type="cond" truecount="3" falsecount="0"/>
        <line num="7" count="2" type="stmt"/>
        <line num="9" count="75" type="stmt"/>
        <line num="10" count="3" type="cond" truecount="2" falsecount="0"/>
      </file>
    </package>
  </project>
</coverage>
