{"/home/eccirc/Programming/Node/bingoNode/dist/functions/bingoFunctions.js": {"path":"/home/eccirc/Programming/Node/bingoNode/dist/functions/bingoFunctions.js","statementMap":{"0":{"start":{"line":2,"column":0},"end":{"line":2,"column":62}},"1":{"start":{"line":3,"column":0},"end":{"line":3,"column":80}},"2":{"start":{"line":4,"column":27},"end":{"line":7,"column":1}},"3":{"start":{"line":5,"column":22},"end":{"line":5,"column":47}},"4":{"start":{"line":6,"column":4},"end":{"line":6,"column":80}},"5":{"start":{"line":6,"column":40},"end":{"line":6,"column":78}},"6":{"start":{"line":6,"column":59},"end":{"line":6,"column":77}},"7":{"start":{"line":8,"column":0},"end":{"line":8,"column":48}},"8":{"start":{"line":9,"column":20},"end":{"line":13,"column":1}},"9":{"start":{"line":10,"column":26},"end":{"line":10,"column":53}},"10":{"start":{"line":11,"column":29},"end":{"line":11,"column":99}},"11":{"start":{"line":11,"column":58},"end":{"line":11,"column":98}},"12":{"start":{"line":12,"column":4},"end":{"line":12,"column":45}},"13":{"start":{"line":14,"column":0},"end":{"line":14,"column":34}},"14":{"start":{"line":15,"column":20},"end":{"line":22,"column":1}},"15":{"start":{"line":16,"column":24},"end":{"line":16,"column":54}},"16":{"start":{"line":17,"column":4},"end":{"line":19,"column":5}},"17":{"start":{"line":18,"column":8},"end":{"line":18,"column":21}},"18":{"start":{"line":20,"column":21},"end":{"line":20,"column":91}},"19":{"start":{"line":20,"column":54},"end":{"line":20,"column":90}},"20":{"start":{"line":20,"column":79},"end":{"line":20,"column":89}},"21":{"start":{"line":21,"column":4},"end":{"line":21,"column":137}},"22":{"start":{"line":23,"column":0},"end":{"line":23,"column":34}}},"fnMap":{"0":{"name":"(anonymous_0)","decl":{"start":{"line":4,"column":27},"end":{"line":4,"column":28}},"loc":{"start":{"line":4,"column":65},"end":{"line":7,"column":1}},"line":4},"1":{"name":"(anonymous_1)","decl":{"start":{"line":6,"column":31},"end":{"line":6,"column":32}},"loc":{"start":{"line":6,"column":40},"end":{"line":6,"column":78}},"line":6},"2":{"name":"(anonymous_2)","decl":{"start":{"line":6,"column":50},"end":{"line":6,"column":51}},"loc":{"start":{"line":6,"column":59},"end":{"line":6,"column":77}},"line":6},"3":{"name":"(anonymous_3)","decl":{"start":{"line":9,"column":20},"end":{"line":9,"column":21}},"loc":{"start":{"line":9,"column":40},"end":{"line":13,"column":1}},"line":9},"4":{"name":"(anonymous_4)","decl":{"start":{"line":11,"column":50},"end":{"line":11,"column":51}},"loc":{"start":{"line":11,"column":58},"end":{"line":11,"column":98}},"line":11},"5":{"name":"(anonymous_5)","decl":{"start":{"line":15,"column":20},"end":{"line":15,"column":21}},"loc":{"start":{"line":15,"column":59},"end":{"line":22,"column":1}},"line":15},"6":{"name":"(anonymous_6)","decl":{"start":{"line":20,"column":37},"end":{"line":20,"column":38}},"loc":{"start":{"line":20,"column":54},"end":{"line":20,"column":90}},"line":20},"7":{"name":"(anonymous_7)","decl":{"start":{"line":20,"column":70},"end":{"line":20,"column":71}},"loc":{"start":{"line":20,"column":79},"end":{"line":20,"column":89}},"line":20}},"branchMap":{"0":{"loc":{"start":{"line":11,"column":58},"end":{"line":11,"column":98}},"type":"binary-expr","locations":[{"start":{"line":11,"column":58},"end":{"line":11,"column":77}},{"start":{"line":11,"column":81},"end":{"line":11,"column":98}}],"line":11},"1":{"loc":{"start":{"line":12,"column":11},"end":{"line":12,"column":44}},"type":"binary-expr","locations":[{"start":{"line":12,"column":11},"end":{"line":12,"column":24}},{"start":{"line":12,"column":28},"end":{"line":12,"column":44}}],"line":12},"2":{"loc":{"start":{"line":17,"column":4},"end":{"line":19,"column":5}},"type":"if","locations":[{"start":{"line":17,"column":4},"end":{"line":19,"column":5}},{"start":{},"end":{}}],"line":17},"3":{"loc":{"start":{"line":17,"column":8},"end":{"line":17,"column":82}},"type":"binary-expr","locations":[{"start":{"line":17,"column":8},"end":{"line":17,"column":40}},{"start":{"line":17,"column":44},"end":{"line":17,"column":82}}],"line":17},"4":{"loc":{"start":{"line":21,"column":11},"end":{"line":21,"column":136}},"type":"binary-expr","locations":[{"start":{"line":21,"column":11},"end":{"line":21,"column":70}},{"start":{"line":21,"column":74},"end":{"line":21,"column":136}}],"line":21}},"s":{"0":1,"1":1,"2":1,"3":9,"4":9,"5":20,"6":46,"7":1,"8":1,"9":8,"10":8,"11":25,"12":8,"13":1,"14":1,"15":4,"16":4,"17":2,"18":2,"19":10,"20":50,"21":2,"22":1},"f":{"0":9,"1":20,"2":46,"3":8,"4":25,"5":4,"6":10,"7":50},"b":{"0":[25,25],"1":[8,7],"2":[2,2],"3":[4,4],"4":[2,2]},"inputSourceMap":null,"_coverageSchema":"1a1c01bbd47fc00a2c39e90264f33305004495a9","hash":"ccbfb0137ee74cdd9439d59716eb323f0c43ce69"}
,"/home/eccirc/Programming/Node/bingoNode/src/functions/bingoFunctions.ts": {"path":"/home/eccirc/Programming/Node/bingoNode/src/functions/bingoFunctions.ts","statementMap":{"0":{"start":{"line":3,"column":34},"end":{"line":6,"column":1}},"1":{"start":{"line":4,"column":22},"end":{"line":4,"column":47}},"2":{"start":{"line":5,"column":4},"end":{"line":5,"column":null}},"3":{"start":{"line":5,"column":50},"end":{"line":5,"column":88}},"4":{"start":{"line":5,"column":69},"end":{"line":5,"column":87}},"5":{"start":{"line":3,"column":13},"end":{"line":3,"column":34}},"6":{"start":{"line":7,"column":29},"end":{"line":11,"column":3}},"7":{"start":{"line":8,"column":26},"end":{"line":8,"column":53}},"8":{"start":{"line":9,"column":29},"end":{"line":9,"column":99}},"9":{"start":{"line":9,"column":58},"end":{"line":9,"column":98}},"10":{"start":{"line":10,"column":4},"end":{"line":10,"column":null}},"11":{"start":{"line":7,"column":15},"end":{"line":7,"column":29}}},"fnMap":{"0":{"name":"(anonymous_0)","decl":{"start":{"line":3,"column":34},"end":{"line":3,"column":35}},"loc":{"start":{"line":3,"column":102},"end":{"line":6,"column":1}}},"1":{"name":"(anonymous_1)","decl":{"start":{"line":5,"column":31},"end":{"line":5,"column":32}},"loc":{"start":{"line":5,"column":50},"end":{"line":5,"column":88}}},"2":{"name":"(anonymous_2)","decl":{"start":{"line":5,"column":60},"end":{"line":5,"column":61}},"loc":{"start":{"line":5,"column":69},"end":{"line":5,"column":87}}},"3":{"name":"(anonymous_3)","decl":{"start":{"line":7,"column":29},"end":{"line":7,"column":30}},"loc":{"start":{"line":7,"column":69},"end":{"line":11,"column":3}}},"4":{"name":"(anonymous_4)","decl":{"start":{"line":9,"column":50},"end":{"line":9,"column":54}},"loc":{"start":{"line":9,"column":58},"end":{"line":9,"column":98}}}},"branchMap":{"0":{"loc":{"start":{"line":9,"column":58},"end":{"line":9,"column":98}},"type":"binary-expr","locations":[{"start":{"line":9,"column":58},"end":{"line":9,"column":77}},{"start":{"line":9,"column":81},"end":{"line":9,"column":98}}]},"1":{"loc":{"start":{"line":10,"column":11},"end":{"line":10,"column":44}},"type":"binary-expr","locations":[{"start":{"line":10,"column":11},"end":{"line":10,"column":24}},{"start":{"line":10,"column":28},"end":{"line":10,"column":44}}]}},"s":{"0":1,"1":9,"2":9,"3":20,"4":45,"5":1,"6":1,"7":9,"8":9,"9":30,"10":9,"11":1},"f":{"0":9,"1":20,"2":45,"3":9,"4":30},"b":{"0":[30,30],"1":[9,8]}}
,"/home/eccirc/Programming/Node/bingoNode/src/functions/isCardBingo.ts": {"path":"/home/eccirc/Programming/Node/bingoNode/src/functions/isCardBingo.ts","statementMap":{"0":{"start":{"line":2,"column":0},"end":{"line":2,"column":67}},"1":{"start":{"line":4,"column":27},"end":{"line":11,"column":1}},"2":{"start":{"line":5,"column":24},"end":{"line":5,"column":54}},"3":{"start":{"line":6,"column":4},"end":{"line":8,"column":5}},"4":{"start":{"line":7,"column":6},"end":{"line":7,"column":null}},"5":{"start":{"line":9,"column":21},"end":{"line":9,"column":101}},"6":{"start":{"line":9,"column":54},"end":{"line":9,"column":100}},"7":{"start":{"line":9,"column":89},"end":{"line":9,"column":99}},"8":{"start":{"line":10,"column":7},"end":{"line":10,"column":null}},"9":{"start":{"line":4,"column":13},"end":{"line":4,"column":27}}},"fnMap":{"0":{"name":"(anonymous_0)","decl":{"start":{"line":4,"column":27},"end":{"line":4,"column":28}},"loc":{"start":{"line":4,"column":95},"end":{"line":11,"column":1}}},"1":{"name":"(anonymous_1)","decl":{"start":{"line":9,"column":37},"end":{"line":9,"column":38}},"loc":{"start":{"line":9,"column":54},"end":{"line":9,"column":100}}},"2":{"name":"(anonymous_2)","decl":{"start":{"line":9,"column":70},"end":{"line":9,"column":71}},"loc":{"start":{"line":9,"column":89},"end":{"line":9,"column":99}}}},"branchMap":{"0":{"loc":{"start":{"line":6,"column":4},"end":{"line":8,"column":5}},"type":"if","locations":[{"start":{"line":6,"column":4},"end":{"line":8,"column":5}}]},"1":{"loc":{"start":{"line":6,"column":8},"end":{"line":6,"column":69}},"type":"binary-expr","locations":[{"start":{"line":6,"column":8},"end":{"line":6,"column":40}},{"start":{"line":6,"column":44},"end":{"line":6,"column":69}}]},"2":{"loc":{"start":{"line":10,"column":14},"end":{"line":10,"column":113}},"type":"binary-expr","locations":[{"start":{"line":10,"column":14},"end":{"line":10,"column":60}},{"start":{"line":10,"column":64},"end":{"line":10,"column":113}}]}},"s":{"0":1,"1":1,"2":5,"3":5,"4":2,"5":3,"6":15,"7":75,"8":3,"9":1},"f":{"0":5,"1":15,"2":75},"b":{"0":[2],"1":[5,5],"2":[3,1]}}
}
