{"/home/eccirc/Programming/Node/bingoNode/src/functions/bingoFunctions.ts": {"path":"/home/eccirc/Programming/Node/bingoNode/src/functions/bingoFunctions.ts","statementMap":{"0":{"start":{"line":3,"column":34},"end":{"line":6,"column":1}},"1":{"start":{"line":4,"column":22},"end":{"line":4,"column":47}},"2":{"start":{"line":5,"column":4},"end":{"line":5,"column":null}},"3":{"start":{"line":5,"column":50},"end":{"line":5,"column":88}},"4":{"start":{"line":5,"column":69},"end":{"line":5,"column":87}},"5":{"start":{"line":3,"column":13},"end":{"line":3,"column":34}},"6":{"start":{"line":7,"column":29},"end":{"line":11,"column":3}},"7":{"start":{"line":8,"column":26},"end":{"line":8,"column":53}},"8":{"start":{"line":9,"column":29},"end":{"line":9,"column":99}},"9":{"start":{"line":9,"column":58},"end":{"line":9,"column":98}},"10":{"start":{"line":10,"column":4},"end":{"line":10,"column":null}},"11":{"start":{"line":7,"column":15},"end":{"line":7,"column":29}},"12":{"start":{"line":14,"column":27},"end":{"line":21,"column":1}},"13":{"start":{"line":15,"column":24},"end":{"line":15,"column":54}},"14":{"start":{"line":16,"column":4},"end":{"line":18,"column":5}},"15":{"start":{"line":17,"column":6},"end":{"line":17,"column":null}},"16":{"start":{"line":19,"column":21},"end":{"line":19,"column":101}},"17":{"start":{"line":19,"column":54},"end":{"line":19,"column":100}},"18":{"start":{"line":19,"column":89},"end":{"line":19,"column":99}},"19":{"start":{"line":20,"column":7},"end":{"line":20,"column":null}},"20":{"start":{"line":14,"column":13},"end":{"line":14,"column":27}}},"fnMap":{"0":{"name":"(anonymous_0)","decl":{"start":{"line":3,"column":34},"end":{"line":3,"column":35}},"loc":{"start":{"line":3,"column":102},"end":{"line":6,"column":1}}},"1":{"name":"(anonymous_1)","decl":{"start":{"line":5,"column":31},"end":{"line":5,"column":32}},"loc":{"start":{"line":5,"column":50},"end":{"line":5,"column":88}}},"2":{"name":"(anonymous_2)","decl":{"start":{"line":5,"column":60},"end":{"line":5,"column":61}},"loc":{"start":{"line":5,"column":69},"end":{"line":5,"column":87}}},"3":{"name":"(anonymous_3)","decl":{"start":{"line":7,"column":29},"end":{"line":7,"column":30}},"loc":{"start":{"line":7,"column":69},"end":{"line":11,"column":3}}},"4":{"name":"(anonymous_4)","decl":{"start":{"line":9,"column":50},"end":{"line":9,"column":54}},"loc":{"start":{"line":9,"column":58},"end":{"line":9,"column":98}}},"5":{"name":"(anonymous_5)","decl":{"start":{"line":14,"column":27},"end":{"line":14,"column":28}},"loc":{"start":{"line":14,"column":95},"end":{"line":21,"column":1}}},"6":{"name":"(anonymous_6)","decl":{"start":{"line":19,"column":37},"end":{"line":19,"column":38}},"loc":{"start":{"line":19,"column":54},"end":{"line":19,"column":100}}},"7":{"name":"(anonymous_7)","decl":{"start":{"line":19,"column":70},"end":{"line":19,"column":71}},"loc":{"start":{"line":19,"column":89},"end":{"line":19,"column":99}}}},"branchMap":{"0":{"loc":{"start":{"line":9,"column":58},"end":{"line":9,"column":98}},"type":"binary-expr","locations":[{"start":{"line":9,"column":58},"end":{"line":9,"column":77}},{"start":{"line":9,"column":81},"end":{"line":9,"column":98}}]},"1":{"loc":{"start":{"line":10,"column":11},"end":{"line":10,"column":44}},"type":"binary-expr","locations":[{"start":{"line":10,"column":11},"end":{"line":10,"column":24}},{"start":{"line":10,"column":28},"end":{"line":10,"column":44}}]},"2":{"loc":{"start":{"line":16,"column":4},"end":{"line":18,"column":5}},"type":"if","locations":[{"start":{"line":16,"column":4},"end":{"line":18,"column":5}}]},"3":{"loc":{"start":{"line":16,"column":8},"end":{"line":16,"column":69}},"type":"binary-expr","locations":[{"start":{"line":16,"column":8},"end":{"line":16,"column":40}},{"start":{"line":16,"column":44},"end":{"line":16,"column":69}}]},"4":{"loc":{"start":{"line":20,"column":14},"end":{"line":20,"column":113}},"type":"binary-expr","locations":[{"start":{"line":20,"column":14},"end":{"line":20,"column":60}},{"start":{"line":20,"column":64},"end":{"line":20,"column":113}}]}},"s":{"0":1,"1":9,"2":9,"3":20,"4":46,"5":1,"6":1,"7":8,"8":8,"9":25,"10":8,"11":1,"12":1,"13":4,"14":4,"15":2,"16":2,"17":10,"18":50,"19":2,"20":1},"f":{"0":9,"1":20,"2":46,"3":8,"4":25,"5":4,"6":10,"7":50},"b":{"0":[25,25],"1":[8,7],"2":[2],"3":[4,4],"4":[2,2]}}
}
