TN:
SF:dist/functions/bingoFunctions.js
FN:4,(anonymous_0)
FN:6,(anonymous_1)
FN:6,(anonymous_2)
FN:9,(anonymous_3)
FN:11,(anonymous_4)
FN:15,(anonymous_5)
FN:20,(anonymous_6)
FN:20,(anonymous_7)
FNF:8
FNH:8
FNDA:9,(anonymous_0)
FNDA:20,(anonymous_1)
FNDA:46,(anonymous_2)
FNDA:8,(anonymous_3)
FNDA:25,(anonymous_4)
FNDA:4,(anonymous_5)
FNDA:10,(anonymous_6)
FNDA:50,(anonymous_7)
DA:2,1
DA:3,1
DA:4,1
DA:5,9
DA:6,46
DA:8,1
DA:9,1
DA:10,8
DA:11,25
DA:12,8
DA:14,1
DA:15,1
DA:16,4
DA:17,4
DA:18,2
DA:20,50
DA:21,2
DA:23,1
LF:18
LH:18
BRDA:11,0,0,25
BRDA:11,0,1,25
BRDA:12,1,0,8
BRDA:12,1,1,7
BRDA:17,2,0,2
BRDA:17,2,1,2
BRDA:17,3,0,4
BRDA:17,3,1,4
BRDA:21,4,0,2
BRDA:21,4,1,2
BRF:10
BRH:10
end_of_record
TN:
SF:src/functions/bingoFunctions.ts
FN:3,(anonymous_0)
FN:5,(anonymous_1)
FN:5,(anonymous_2)
FN:7,(anonymous_3)
FN:9,(anonymous_4)
FNF:5
FNH:5
FNDA:11,(anonymous_0)
FNDA:30,(anonymous_1)
FNDA:55,(anonymous_2)
FNDA:10,(anonymous_3)
FNDA:35,(anonymous_4)
DA:3,1
DA:4,11
DA:5,55
DA:7,1
DA:8,10
DA:9,35
DA:10,10
LF:7
LH:7
BRDA:9,0,0,35
BRDA:9,0,1,35
BRDA:10,1,0,10
BRDA:10,1,1,9
BRF:4
BRH:4
end_of_record
TN:
SF:src/functions/isCardBingo.ts
FN:4,(anonymous_0)
FN:12,(anonymous_1)
FN:12,(anonymous_2)
FNF:3
FNH:3
FNDA:6,(anonymous_0)
FNDA:20,(anonymous_1)
FNDA:100,(anonymous_2)
DA:2,1
DA:4,1
DA:5,6
DA:6,6
DA:7,2
DA:12,100
DA:13,4
DA:14,4
LF:8
LH:8
BRDA:6,0,0,2
BRDA:6,1,0,6
BRDA:6,1,1,6
BRDA:13,2,0,4
BRDA:13,2,1,2
BRDA:16,3,0,3
BRDA:16,3,1,1
BRF:7
BRH:7
end_of_record
